


ARM Macro Assembler    Page 1 


    1 00000000         
    2 00000000                 AREA             |.text|, CODE, READONLY, ALIGN=
2
    3 00000000                 THUMB
    4 00000000                 REQUIRE8
    5 00000000                 PRESERVE8
    6 00000000         ;//---------------------------------PendSVä¸­æ–­æœåŠ¡å‡
                       ½æ•°,ä»»åŠ¡ä¸Šä¸‹æ–‡åˆ‡æ¢------------------------------
                       ------//
    7 00000000         ; NOTE: If use this file's HardFault_Handler, please com
                       ments the HardFault_Handler code on other file.
    8 00000000                 IMPORT           current_task_id
    9 00000000                 IMPORT           next_task_id
   10 00000000                 IMPORT           PSP_array
   11 00000000                 EXPORT           PendSV_Handler
   12 00000000         
   13 00000000         PendSV_Handler
                               PROC
   14 00000000 F3EF 8210       MRS              R2,PRIMASK  ;
   15 00000004 B672            CPSID            I           ;å…³ä¸­æ–­
   16 00000006 F3EF 8009       MRS              R0 , PSP    ;æŠŠPSPå€¼è¯»åˆ°R0
   17 0000000A E920 0FF0       STMDB            R0!,{R4 - R11} ;R4~R11ä¸­çš„æ•°
                                                            æ®ä¾æ¬¡å­˜å…¥PSPæ
                                                            ‰€æŒ‡åœ°å€å¤„ï¼Œæ¯
                                                            å­˜ä¸€æ¬¡R0æ›´æ–°å
                                                            œ°å€ï¼Œè®°å½•PSPå½
                                                            “å‰å€¼
   18 0000000E 4908            LDR              R1,=current_task_id ;æŠŠCè¯­è¨€
                                                            ä¸­å…¨å±€å˜é‡curr
                                                            ent_task_idçš„åœ°å
                                                            €å­˜å…¥R1ï¼Œæ±‡ç¼–è
                                                            °ƒç”¨Cå˜é‡éœ€ç”¨c
                                                            ppå‡½æ•°
   19 00000010 680C            LDR              R4,[R1]     ;å°†current_task_id
                                                            æ•°å€¼å­˜å…¥R2ä¸­
   20 00000012 4B08            LDR              R3, =PSP_array ;æŠŠCè¯­è¨€ä¸­å…
                                                            ¨å±€å˜é‡PSP_array
                                                            çš„åœ°å€å­˜å…¥R1ï¼
                                                            Œæ±‡ç¼–è°ƒç”¨Cå˜é‡
                                                            éœ€ç”¨cppå‡½æ•°
   21 00000014 F843 0024       STR              R0,[R3,R4,LSL #2] ;R0æ•°æ®åŠ è
                                                            ½½åˆ°åœ°å€=R3+R2<<
                                                            2å¤„(PSPå½“å‰åœ°å
                                                            €å­˜åˆ°PSP_array+cu
                                                            rrent_task_id*2å¤„)
                                                            
   22 00000018         
   23 00000018 4C07            LDR              R4,=next_task_id ;æŠŠCè¯­è¨€ä¸­
                                                            å…¨å±€å˜é‡next_ta
                                                            sk_idçš„åœ°å€å­˜å…
                                                            ¥R4ï¼Œæ±‡ç¼–è°ƒç”¨C
                                                            å˜é‡éœ€ç”¨cppå‡½æ
                                                            •°
   24 0000001A 6824            LDR              R4,[R4]     ;å°†next_task_idæ•°
                                                            å€¼å­˜å…¥R4ä¸­
   25 0000001C 600C            STR              R4,[R1]     ;å°†current_task_id
                                                             = next_task_id
   26 0000001E F853 0024       LDR              R0,[R3,R4,LSL #2] ;å°†åœ°å€=R3
                                                            +R2<<2å¤„æ•°æ®åŠ è



ARM Macro Assembler    Page 2 


                                                            ½½åˆ°R0ï¼Œ(PSP_arra
                                                            y+next_task_id*2å¤„
                                                            æ•°æ®åŠ è½½åˆ°PSPå
                                                            ¤„)
   27 00000022 E8B0 0FF0       LDMIA            R0!,{R4 - R11} ;PSPæ‰€æŒ‡åœ°å€
                                                            å¤„è¯»å‡ºæ•°æ®åŠ è
                                                            ½½åˆ°R4~R11ä¸­ï¼Œæ¯
                                                            å­˜ä¸€æ¬¡R0æ›´æ–°å
                                                            œ°å€ï¼Œè®°å½•PSPå½
                                                            “å‰å€¼
   28 00000026 F380 8809       MSR              PSP,R0      ;R0æ‰€æŒ‡åœ°å€åŠ è
                                                            ½½åˆ°PSP
   29 0000002A F382 8810       MSR              PRIMASK,R2
   30 0000002E 4770            BX               LR          ;PCè¿”å›åˆ°LRæ‰€æŒ
                                                            ‡å¤„ï¼Œè¯¥å‡½æ•°è°ƒ
                                                            ç”¨å‰åœ°å€
   31 00000030                 ALIGN            4           ;ä¸‹ä¸€æ¡æŒ‡ä»¤æˆ–
                                                            æ•°æ®å¯¹é½åˆ°4å­—
                                                            èŠ‚åœ°å€å¤„ï¼Œç©ºä
                                                            ½è¡¥0
   32 00000030                 ENDP
   33 00000030                 END
              00000000 
              00000000 
              00000000 
Command Line: --debug --xref --diag_suppress=9931 --cpu=Cortex-M3 --apcs=interw
ork --depend=.\objects\minirtosswitch.d -o.\objects\minirtosswitch.o -IC:\Users
\24668\Desktop\miniRTOS\miniRTOS_STM32F103_ARMCC_Demo\RTE -IC:\software\MDK5\AR
M\PACK\Keil\STM32F1xx_DFP\2.3.0\Device\Include -IC:\software\MDK5\ARM\CMSIS\Inc
lude --predefine="__MICROLIB SETA 1" --predefine="__UVISION_VERSION SETA 521" -
-predefine="STM32F10X_MD SETA 1" --list=.\listings\minirtosswitch.lst miniRTOS\
Port\Src\ARMCC\miniRTOSswitch.s



ARM Macro Assembler    Page 1 Alphabetic symbol ordering
Relocatable symbols

.text 00000000

Symbol: .text
   Definitions
      At line 2 in file miniRTOS\Port\Src\ARMCC\miniRTOSswitch.s
   Uses
      None
Comment: .text unused
PendSV_Handler 00000000

Symbol: PendSV_Handler
   Definitions
      At line 13 in file miniRTOS\Port\Src\ARMCC\miniRTOSswitch.s
   Uses
      At line 11 in file miniRTOS\Port\Src\ARMCC\miniRTOSswitch.s
Comment: PendSV_Handler used once
2 symbols



ARM Macro Assembler    Page 1 Alphabetic symbol ordering
External symbols

PSP_array 00000000

Symbol: PSP_array
   Definitions
      At line 10 in file miniRTOS\Port\Src\ARMCC\miniRTOSswitch.s
   Uses
      At line 20 in file miniRTOS\Port\Src\ARMCC\miniRTOSswitch.s
Comment: PSP_array used once
current_task_id 00000000

Symbol: current_task_id
   Definitions
      At line 8 in file miniRTOS\Port\Src\ARMCC\miniRTOSswitch.s
   Uses
      At line 18 in file miniRTOS\Port\Src\ARMCC\miniRTOSswitch.s
Comment: current_task_id used once
next_task_id 00000000

Symbol: next_task_id
   Definitions
      At line 9 in file miniRTOS\Port\Src\ARMCC\miniRTOSswitch.s
   Uses
      At line 23 in file miniRTOS\Port\Src\ARMCC\miniRTOSswitch.s
Comment: next_task_id used once
3 symbols
340 symbols in table
